{
  "stats": {
    "suites": 1,
    "tests": 2,
    "passes": 2,
    "pending": 0,
    "failures": 0,
    "start": "2022-03-13T18:45:10.676Z",
    "end": "2022-03-13T18:45:13.245Z",
    "duration": 2569,
    "testsRegistered": 2,
    "passPercent": 100,
    "pendingPercent": 0,
    "other": 0,
    "hasOther": false,
    "skipped": 0,
    "hasSkipped": false
  },
  "results": [
    {
      "uuid": "e2a59c94-e096-4925-8bfd-5184a36c2205",
      "title": "",
      "fullFile": "cypress/integration/test.spec.js",
      "file": "cypress/integration/test.spec.js",
      "beforeHooks": [],
      "afterHooks": [],
      "tests": [],
      "suites": [
        {
          "uuid": "a7324884-a85c-4276-af7a-dd5ca399b4ea",
          "title": "Login Pecode Tests",
          "fullFile": "",
          "file": "",
          "beforeHooks": [],
          "afterHooks": [],
          "tests": [
            {
              "title": "Show image logo, headlines, login form, login button on the login page",
              "fullTitle": "Login Pecode Tests Show image logo, headlines, login form, login button on the login page",
              "timedOut": null,
              "duration": 2204,
              "state": "passed",
              "speed": "fast",
              "pass": true,
              "fail": false,
              "pending": false,
              "context": "\"videos/test.spec.js.mp4\"",
              "code": "cy.get('#logomini').should('exist');\ncy.get('#logomini').invoke('attr', 'src').should('contain', img_logo);\ncy.get('h1').should('have.length', 1).and('have.text', login_page_text);\nloginPage.getUsername().invoke('attr', 'placeholder').should('contain', username_text);\nloginPage.getPassword().invoke('attr', 'placeholder').should('contain', password_text);\nloginPage.clickLoginButton();",
              "err": {},
              "uuid": "4fe7ac63-c825-4682-a2e1-9092a8527fd1",
              "parentUUID": "a7324884-a85c-4276-af7a-dd5ca399b4ea",
              "isHook": false,
              "skipped": false
            },
            {
              "title": "Show message with empty form fields",
              "fullTitle": "Login Pecode Tests Show message with empty form fields",
              "timedOut": null,
              "duration": 322,
              "state": "passed",
              "speed": "fast",
              "pass": true,
              "fail": false,
              "pending": false,
              "context": "\"videos/test.spec.js.mp4\"",
              "code": "loginPage.clickLoginButton();\ncy.get('.help-block').first().should('have.text', message_username);\ncy.get('.help-block').last().should('have.text', message_password);\ncy.url().should('contain', registerLoginPage);",
              "err": {},
              "uuid": "01383c5f-04c8-491f-aa7c-1e425e1f5cbb",
              "parentUUID": "a7324884-a85c-4276-af7a-dd5ca399b4ea",
              "isHook": false,
              "skipped": false
            }
          ],
          "suites": [],
          "passes": [
            "4fe7ac63-c825-4682-a2e1-9092a8527fd1",
            "01383c5f-04c8-491f-aa7c-1e425e1f5cbb"
          ],
          "failures": [],
          "pending": [],
          "skipped": [],
          "duration": 2526,
          "root": false,
          "rootEmpty": false,
          "_timeout": 2000
        }
      ],
      "passes": [],
      "failures": [],
      "pending": [],
      "skipped": [],
      "duration": 0,
      "root": true,
      "rootEmpty": true,
      "_timeout": 2000
    }
  ],
  "meta": {
    "mocha": {
      "version": "7.0.1"
    },
    "mochawesome": {
      "options": {
        "quiet": false,
        "reportFilename": "mochawesome",
        "saveHtml": false,
        "saveJson": true,
        "consoleReporter": "spec",
        "useInlineDiffs": false,
        "code": true
      },
      "version": "7.1.2"
    },
    "marge": {
      "options": {
        "overwrite": false,
        "html": false,
        "json": true
      },
      "version": "6.1.1"
    }
  }
}