{
  "stats": {
    "suites": 1,
    "tests": 6,
    "passes": 2,
    "pending": 0,
    "failures": 4,
    "start": "2022-03-13T20:59:29.811Z",
    "end": "2022-03-13T20:59:33.100Z",
    "duration": 3289,
    "testsRegistered": 6,
    "passPercent": 33.33333333333333,
    "pendingPercent": 0,
    "other": 0,
    "hasOther": false,
    "skipped": 0,
    "hasSkipped": false
  },
  "results": [
    {
      "uuid": "d2a97b95-3a37-4b4e-ae61-7fecb8cfae1a",
      "title": "",
      "fullFile": "cypress/integration/login.spec.js",
      "file": "cypress/integration/login.spec.js",
      "beforeHooks": [],
      "afterHooks": [],
      "tests": [],
      "suites": [
        {
          "uuid": "76233204-f768-4ac2-b320-5be4b2c5298b",
          "title": "Login spec file",
          "fullFile": "",
          "file": "",
          "beforeHooks": [],
          "afterHooks": [],
          "tests": [
            {
              "title": "Show image logo, headlines, login form, login button on the login page",
              "fullTitle": "Login spec file Show image logo, headlines, login form, login button on the login page",
              "timedOut": null,
              "duration": 1481,
              "state": "passed",
              "speed": "fast",
              "pass": true,
              "fail": false,
              "pending": false,
              "context": "\"videos/login.spec.js.mp4\"",
              "code": "cy.get('#logomini').should('exist');\ncy.get('#logomini').invoke('attr', 'src').should('contain', img_logo);\ncy.get('h1').should('have.length', 1).and('have.text', login_page_text);\nloginPage.getUsername().invoke('attr', 'placeholder').should('contain', username_text);\nloginPage.getPassword().invoke('attr', 'placeholder').should('contain', password_text);\nloginPage.clickLoginButton();",
              "err": {},
              "uuid": "79286e22-4c18-4703-bace-c855477580de",
              "parentUUID": "76233204-f768-4ac2-b320-5be4b2c5298b",
              "isHook": false,
              "skipped": false
            },
            {
              "title": "Show error message no account found for username=undefined",
              "fullTitle": "Login spec file Show error message no account found for username=undefined",
              "timedOut": null,
              "duration": 343,
              "state": "failed",
              "speed": null,
              "pass": false,
              "fail": true,
              "pending": false,
              "context": "\"videos/login.spec.js.mp4\"",
              "code": "loginPage.enterLogin(username, password);\ncy.url().should('contain', registerLoginPage);\nloginPage.checkMessageUsername(message_not_found_account);",
              "err": {
                "message": "TypeError: Cannot read properties of undefined (reading 'first')",
                "estack": "TypeError: Cannot read properties of undefined (reading 'first')\n    at LoginPage.eval [as checkMessageUsername] (https://www.pecodesoftware.com/__cypress/tests?p=cypress/integration/login.spec.js:250:25)\n    at Context.eval (https://www.pecodesoftware.com/__cypress/tests?p=cypress/integration/login.spec.js:182:15)",
                "diff": null
              },
              "uuid": "0e6970a6-b98e-425f-8ce5-a34a0551ad3c",
              "parentUUID": "76233204-f768-4ac2-b320-5be4b2c5298b",
              "isHook": false,
              "skipped": false
            },
            {
              "title": "Show invalid password message",
              "fullTitle": "Login spec file Show invalid password message",
              "timedOut": null,
              "duration": 359,
              "state": "failed",
              "speed": null,
              "pass": false,
              "fail": true,
              "pending": false,
              "context": "\"videos/login.spec.js.mp4\"",
              "code": "loginPage.enterLogin(username, password);\ncy.url().should('contain', registerLoginPage);\nloginPage.checkMessagePassword(message_invalid_password);",
              "err": {
                "message": "TypeError: Cannot read properties of undefined (reading 'last')",
                "estack": "TypeError: Cannot read properties of undefined (reading 'last')\n    at LoginPage.eval [as checkMessagePassword] (https://www.pecodesoftware.com/__cypress/tests?p=cypress/integration/login.spec.js:253:25)\n    at Context.eval (https://www.pecodesoftware.com/__cypress/tests?p=cypress/integration/login.spec.js:187:15)",
                "diff": null
              },
              "uuid": "bb70fc1a-2e75-4feb-a1aa-25b57fbdcb74",
              "parentUUID": "76233204-f768-4ac2-b320-5be4b2c5298b",
              "isHook": false,
              "skipped": false
            },
            {
              "title": "Show message for Incorrect login",
              "fullTitle": "Login spec file Show message for Incorrect login",
              "timedOut": null,
              "duration": 349,
              "state": "failed",
              "speed": null,
              "pass": false,
              "fail": true,
              "pending": false,
              "context": "\"videos/login.spec.js.mp4\"",
              "code": "loginPage.enterLogin(username, password);\ncy.url().should('contain', registerLoginPage);\ncy.get('.help-block').should('have.text', message_username);",
              "err": {
                "message": "CypressError: `cy.type()` can only accept a string or number. You passed in: `undefined`\n\nhttps://on.cypress.io/type",
                "estack": "CypressError: `cy.type()` can only accept a string or number. You passed in: `undefined`\n\nhttps://on.cypress.io/type\n    at Context.type (https://www.pecodesoftware.com/__cypress/runner/cypress_runner.js:154697:76)\n    at Context.<anonymous> (https://www.pecodesoftware.com/__cypress/runner/cypress_runner.js:173217:19)\nFrom Your Spec Code:\n    at LoginPage.eval [as enterLogin] (https://www.pecodesoftware.com/__cypress/tests?p=cypress/integration/login.spec.js:243:26)\n    at Context.eval (https://www.pecodesoftware.com/__cypress/tests?p=cypress/integration/login.spec.js:190:15)",
                "diff": null
              },
              "uuid": "ff18b7a2-6ab2-489c-8f32-39109394af84",
              "parentUUID": "76233204-f768-4ac2-b320-5be4b2c5298b",
              "isHook": false,
              "skipped": false
            },
            {
              "title": "Show message with empty form fields",
              "fullTitle": "Login spec file Show message with empty form fields",
              "timedOut": null,
              "duration": 280,
              "state": "passed",
              "speed": "fast",
              "pass": true,
              "fail": false,
              "pending": false,
              "context": "\"videos/login.spec.js.mp4\"",
              "code": "loginPage.clickLoginButton();\ncy.get('.help-block').first().should('have.text', message_username);\ncy.get('.help-block').last().should('have.text', message_password);\ncy.url().should('contain', registerLoginPage);",
              "err": {},
              "uuid": "837cf7ba-d2f3-422c-b821-df8d80a1943c",
              "parentUUID": "76233204-f768-4ac2-b320-5be4b2c5298b",
              "isHook": false,
              "skipped": false
            },
            {
              "title": "Valid user login and password undefined",
              "fullTitle": "Login spec file Valid user login and password undefined",
              "timedOut": null,
              "duration": 348,
              "state": "failed",
              "speed": null,
              "pass": false,
              "fail": true,
              "pending": false,
              "context": "\"videos/login.spec.js.mp4\"",
              "code": "loginPage.enterLogin(username, password); //cy.get('body').should('have.text', message_err_page) // username = № & password = №  \ncy.get('.help-block').should('have.text', message_successfully); // user account page",
              "err": {
                "message": "CypressError: `cy.type()` can only accept a string or number. You passed in: `undefined`\n\nhttps://on.cypress.io/type",
                "estack": "CypressError: `cy.type()` can only accept a string or number. You passed in: `undefined`\n\nhttps://on.cypress.io/type\n    at Context.type (https://www.pecodesoftware.com/__cypress/runner/cypress_runner.js:154697:76)\n    at Context.<anonymous> (https://www.pecodesoftware.com/__cypress/runner/cypress_runner.js:173217:19)\nFrom Your Spec Code:\n    at LoginPage.eval [as enterLogin] (https://www.pecodesoftware.com/__cypress/tests?p=cypress/integration/login.spec.js:243:26)\n    at Context.eval (https://www.pecodesoftware.com/__cypress/tests?p=cypress/integration/login.spec.js:201:15)",
                "diff": null
              },
              "uuid": "ad7e9e2e-09c8-4ff8-8c1e-0c3dd55e227d",
              "parentUUID": "76233204-f768-4ac2-b320-5be4b2c5298b",
              "isHook": false,
              "skipped": false
            }
          ],
          "suites": [],
          "passes": [
            "79286e22-4c18-4703-bace-c855477580de",
            "837cf7ba-d2f3-422c-b821-df8d80a1943c"
          ],
          "failures": [
            "0e6970a6-b98e-425f-8ce5-a34a0551ad3c",
            "bb70fc1a-2e75-4feb-a1aa-25b57fbdcb74",
            "ff18b7a2-6ab2-489c-8f32-39109394af84",
            "ad7e9e2e-09c8-4ff8-8c1e-0c3dd55e227d"
          ],
          "pending": [],
          "skipped": [],
          "duration": 3160,
          "root": false,
          "rootEmpty": false,
          "_timeout": 2000
        }
      ],
      "passes": [],
      "failures": [],
      "pending": [],
      "skipped": [],
      "duration": 0,
      "root": true,
      "rootEmpty": true,
      "_timeout": 2000
    }
  ],
  "meta": {
    "mocha": {
      "version": "7.0.1"
    },
    "mochawesome": {
      "options": {
        "quiet": false,
        "reportFilename": "mochawesome",
        "saveHtml": false,
        "saveJson": true,
        "consoleReporter": "spec",
        "useInlineDiffs": false,
        "code": true
      },
      "version": "7.1.2"
    },
    "marge": {
      "options": {
        "overwrite": false,
        "html": false,
        "json": true
      },
      "version": "6.1.1"
    }
  }
}